<?xml version="1.0" encoding="UTF-8"?>
<!-- Generated by org.testng.reporters.JUnitReportReporter -->
<testsuite hostname="Sudhakar" failures="0" tests="2" name="Day45.providerdata" time="11.216" errors="0" timestamp="2024-10-21T08:49:04 IST" skipped="0">
  <testcase classname="Day45.providerdata" name="testlogin" time="2.937"/>
  <system-out/>
  <testcase classname="Day45.providerdata" name="testlogin" time="8.279"/>
  <system-out/>
</testsuite> <!-- Day45.providerdata -->
