<?xml version="1.0" encoding="UTF-8"?>
<!-- Generated by org.testng.reporters.JUnitReportReporter -->
<testsuite hostname="Sudhakar" failures="0" tests="2" name="Day42pack2.beforeclass" time="0.015" errors="0" timestamp="2024-10-13T15:59:38 IST" skipped="0">
  <testcase classname="Day42pack2.beforeclass" name="search" time="0.012"/>
  <system-out/>
  <testcase classname="Day42pack2.beforeclass" name="advancesearch" time="0.003"/>
  <system-out/>
</testsuite> <!-- Day42pack2.beforeclass -->
