<?xml version="1.0" encoding="UTF-8"?>
<!-- Generated by org.testng.reporters.JUnitReportReporter -->
<testsuite hostname="Sudhakar" failures="0" tests="6" name="Day44.m3" time="0.012" errors="0" timestamp="2024-10-13T16:07:17 IST" skipped="0">
  <testcase classname="Day44.m3" name="signupfb" time="0.003"/>
  <system-out/>
  <testcase classname="Day44.m3" name="signupfb" time="0.002"/>
  <system-out/>
  <testcase classname="Day44.m3" name="signupflipcart" time="0.000"/>
  <system-out/>
  <testcase classname="Day44.m3" name="signupflipcart" time="0.003"/>
  <system-out/>
  <testcase classname="Day44.m3" name="signupmesho" time="0.002"/>
  <system-out/>
  <testcase classname="Day44.m3" name="signupmesho" time="0.002"/>
  <system-out/>
</testsuite> <!-- Day44.m3 -->
