<?xml version="1.0" encoding="UTF-8"?>
<!-- Generated by org.testng.reporters.JUnitReportReporter -->
<testsuite hostname="Sudhakar" failures="0" tests="3" name="Day42.firsttestcase" time="0.004" errors="0" timestamp="2024-10-12T07:44:07 IST" skipped="0">
  <testcase classname="Day42.firsttestcase" name="login" time="0.001"/>
  <system-out/>
  <testcase classname="Day42.firsttestcase" name="logout" time="0.002"/>
  <system-out/>
  <testcase classname="Day42.firsttestcase" name="openapp" time="0.001"/>
  <system-out/>
</testsuite> <!-- Day42.firsttestcase -->
