<?xml version="1.0" encoding="UTF-8"?>
<!-- Generated by org.testng.reporters.JUnitReportReporter -->
<testsuite hostname="Sudhakar" failures="0" tests="5" name="Day45.datapro" time="19.756" errors="0" timestamp="2024-12-16T13:49:45 IST" skipped="0">
  <testcase classname="Day45.datapro" name="login" time="4.761"/>
  <system-out/>
  <testcase classname="Day45.datapro" name="login" time="3.864"/>
  <system-out/>
  <testcase classname="Day45.datapro" name="login" time="3.678"/>
  <system-out/>
  <testcase classname="Day45.datapro" name="login" time="3.789"/>
  <system-out/>
  <testcase classname="Day45.datapro" name="login" time="3.664"/>
  <system-out/>
</testsuite> <!-- Day45.datapro -->
