<?xml version="1.0" encoding="UTF-8"?>
<!-- Generated by org.testng.reporters.JUnitReportReporter -->
<testsuite hostname="Sudhakar" failures="0" tests="3" name="Day44.gr3" time="0.003" errors="0" timestamp="2024-10-21T07:46:33 IST" skipped="0">
  <testcase classname="Day44.gr3" name="logoutfb" time="0.001"/>
  <system-out/>
  <testcase classname="Day44.gr3" name="logoutmesho" time="0.001"/>
  <system-out/>
  <testcase classname="Day44.gr3" name="logoutamazon" time="0.001"/>
  <system-out/>
</testsuite> <!-- Day44.gr3 -->
