<?xml version="1.0" encoding="UTF-8"?>
<!-- Generated by org.testng.reporters.JUnitReportReporter -->
<testsuite hostname="Sudhakar" failures="0" tests="1" name="Day42pack2.afterclass" time="0.003" errors="0" timestamp="2024-10-13T15:59:38 IST" skipped="0">
  <testcase classname="Day42pack2.afterclass" name="login" time="0.003"/>
  <system-out/>
</testsuite> <!-- Day42pack2.afterclass -->
