<?xml version="1.0" encoding="UTF-8"?>
<!-- Generated by org.testng.reporters.JUnitReportReporter -->
<testsuite hostname="Sudhakar" failures="0" tests="2" name="Day44.paymentinruppes" time="0.005" errors="0" timestamp="2024-10-13T08:44:11 IST" skipped="0">
  <testcase classname="Day44.paymentinruppes" name="paymentinruppess" time="0.003"/>
  <system-out/>
  <testcase classname="Day44.paymentinruppes" name="paymentindollers" time="0.002"/>
  <system-out/>
</testsuite> <!-- Day44.paymentinruppes -->
