<?xml version="1.0" encoding="UTF-8"?>
<!-- Generated by org.testng.reporters.JUnitReportReporter -->
<testsuite hostname="Sudhakar" failures="0" tests="3" name="Day44.logintest" time="0.025" errors="0" timestamp="2024-10-13T08:44:11 IST" skipped="0">
  <testcase classname="Day44.logintest" name="loginbyfasebook" time="0.019"/>
  <system-out/>
  <testcase classname="Day44.logintest" name="email" time="0.003"/>
  <system-out/>
  <testcase classname="Day44.logintest" name="loginbytwitter" time="0.003"/>
  <system-out/>
</testsuite> <!-- Day44.logintest -->
