<?xml version="1.0" encoding="UTF-8"?>
<!-- Generated by org.testng.reporters.JUnitReportReporter -->
<testsuite hostname="Sudhakar" failures="0" tests="3" name="Day42.secoundtest" time="0.023" errors="0" timestamp="2024-10-12T07:44:07 IST" skipped="0">
  <testcase classname="Day42.secoundtest" name="lastname" time="0.018"/>
  <system-out/>
  <testcase classname="Day42.secoundtest" name="firstname" time="0.003"/>
  <system-out/>
  <testcase classname="Day42.secoundtest" name="fathersname" time="0.002"/>
  <system-out/>
</testsuite> <!-- Day42.secoundtest -->
