<?xml version="1.0" encoding="UTF-8"?>
<!-- Generated by org.testng.reporters.JUnitReportReporter -->
<testsuite hostname="Sudhakar" failures="0" tests="6" name="Day45.paraltesting" time="1.288" errors="0" timestamp="2024-10-21T10:58:46 IST" skipped="0">
  <testcase classname="Day45.paraltesting" name="url" time="0.049"/>
  <system-out/>
  <testcase classname="Day45.paraltesting" name="url" time="0.015"/>
  <system-out/>
  <testcase classname="Day45.paraltesting" name="logindata" time="0.401"/>
  <system-out/>
  <testcase classname="Day45.paraltesting" name="logindata" time="0.352"/>
  <system-out/>
  <testcase classname="Day45.paraltesting" name="teardown" time="0.219"/>
  <system-out/>
  <testcase classname="Day45.paraltesting" name="teardown" time="0.252"/>
  <system-out/>
</testsuite> <!-- Day45.paraltesting -->
