<?xml version="1.0" encoding="UTF-8"?>
<!-- Generated by org.testng.reporters.JUnitReportReporter -->
<testsuite hostname="Sudhakar" failures="0" tests="10" name="Day44.m1" time="0.057" errors="0" timestamp="2024-10-13T16:07:17 IST" skipped="0">
  <testcase classname="Day44.m1" name="openapp" time="0.018"/>
  <system-out/>
  <testcase classname="Day44.m1" name="openapp" time="0.002"/>
  <system-out/>
  <testcase classname="Day44.m1" name="login" time="0.012"/>
  <system-out/>
  <testcase classname="Day44.m1" name="login" time="0.002"/>
  <system-out/>
  <testcase classname="Day44.m1" name="search" time="0.013"/>
  <system-out/>
  <testcase classname="Day44.m1" name="search" time="0.002"/>
  <system-out/>
  <testcase classname="Day44.m1" name="advsearch" time="0.001"/>
  <system-out/>
  <testcase classname="Day44.m1" name="advsearch" time="0.002"/>
  <system-out/>
  <testcase classname="Day44.m1" name="logout" time="0.003"/>
  <system-out/>
  <testcase classname="Day44.m1" name="logout" time="0.002"/>
  <system-out/>
</testsuite> <!-- Day44.m1 -->
