<?xml version="1.0" encoding="UTF-8"?>
<!-- Generated by org.testng.reporters.JUnitReportReporter -->
<testsuite hostname="Sudhakar" failures="0" tests="1" name="Day42pack.c1" time="0.016" errors="0" timestamp="2024-10-19T09:30:47 IST" skipped="0">
  <testcase classname="Day42pack.c1" name="test" time="0.016"/>
  <system-out/>
</testsuite> <!-- Day42pack.c1 -->
