<?xml version="1.0" encoding="UTF-8"?>
<!-- Generated by org.testng.reporters.JUnitReportReporter -->
<testsuite hostname="Sudhakar" failures="0" tests="2" name="Day42.annotionss" time="0.010" errors="0" timestamp="2024-10-12T07:44:07 IST" skipped="0">
  <testcase classname="Day42.annotionss" name="search" time="0.006"/>
  <system-out/>
  <testcase classname="Day42.annotionss" name="advancesearch" time="0.004"/>
  <system-out/>
</testsuite> <!-- Day42.annotionss -->
