<?xml version="1.0" encoding="UTF-8"?>
<!-- Generated by org.testng.reporters.JUnitReportReporter -->
<testsuite hostname="Sudhakar" failures="0" tests="1" name="Day42.hardassertions" time="0.015" errors="0" timestamp="2024-10-12T09:41:54 IST" skipped="0">
  <testcase classname="Day42.hardassertions" name="test" time="0.015"/>
  <system-out/>
</testsuite> <!-- Day42.hardassertions -->
