<?xml version="1.0" encoding="UTF-8"?>
<!-- Generated by org.testng.reporters.JUnitReportReporter -->
<testsuite hostname="Sudhakar" failures="0" tests="3" name="Day44.signuptest" time="0.008" errors="0" timestamp="2024-10-13T08:44:11 IST" skipped="0">
  <testcase classname="Day44.signuptest" name="signupbyfacebook" time="0.003"/>
  <system-out/>
  <testcase classname="Day44.signuptest" name="signupbyemail" time="0.004"/>
  <system-out/>
  <testcase classname="Day44.signuptest" name="signupbytwitter" time="0.001"/>
  <system-out/>
</testsuite> <!-- Day44.signuptest -->
