<?xml version="1.0" encoding="UTF-8"?>
<!-- Generated by org.testng.reporters.JUnitReportReporter -->
<testsuite hostname="Sudhakar" failures="0" tests="6" name="Day44.m2" time="0.012" errors="0" timestamp="2024-10-13T16:07:17 IST" skipped="0">
  <testcase classname="Day44.m2" name="loginfb" time="0.001"/>
  <system-out/>
  <testcase classname="Day44.m2" name="loginfb" time="0.004"/>
  <system-out/>
  <testcase classname="Day44.m2" name="loginflipcart" time="0.001"/>
  <system-out/>
  <testcase classname="Day44.m2" name="loginflipcart" time="0.001"/>
  <system-out/>
  <testcase classname="Day44.m2" name="loginmesho" time="0.001"/>
  <system-out/>
  <testcase classname="Day44.m2" name="loginmesho" time="0.004"/>
  <system-out/>
</testsuite> <!-- Day44.m2 -->
