<?xml version="1.0" encoding="UTF-8"?>
<!-- Generated by org.testng.reporters.JUnitReportReporter -->
<testsuite hostname="Sudhakar" failures="0" tests="1" name="Day47.logintest" time="1.598" errors="0" timestamp="2024-10-18T16:09:34 IST" skipped="0">
  <testcase classname="Day47.logintest" name="testlogin" time="1.598"/>
  <system-out/>
</testsuite> <!-- Day47.logintest -->
