<?xml version="1.0" encoding="UTF-8"?>
<!-- Generated by org.testng.reporters.JUnitReportReporter -->
<testsuite hostname="Sudhakar" failures="0" tests="2" name="Day42pack.c3" time="0.005" errors="0" timestamp="2024-10-13T16:00:30 IST" skipped="0">
  <testcase classname="Day42pack.c3" name="test" time="0.002"/>
  <system-out/>
  <testcase classname="Day42pack.c3" name="test" time="0.003"/>
  <system-out/>
</testsuite> <!-- Day42pack.c3 -->
