<?xml version="1.0" encoding="UTF-8"?>
<!-- Generated by org.testng.reporters.JUnitReportReporter -->
<testsuite hostname="Sudhakar" failures="0" tests="2" name="Day43.Annotions" time="0.025" errors="0" timestamp="2024-10-12T07:39:46 IST" skipped="0">
  <testcase classname="Day43.Annotions" name="search" time="0.021"/>
  <system-out/>
  <testcase classname="Day43.Annotions" name="advancesearch" time="0.004"/>
  <system-out/>
</testsuite> <!-- Day43.Annotions -->
