<?xml version="1.0" encoding="UTF-8"?>
<!-- Generated by org.testng.reporters.JUnitReportReporter -->
<testsuite hostname="Sudhakar" failures="0" tests="2" name="Day42.beforeClassAfterClass" time="0.015" errors="0" timestamp="2024-10-12T07:58:57 IST" skipped="0">
  <testcase classname="Day42.beforeClassAfterClass" name="search" time="0.012"/>
  <system-out/>
  <testcase classname="Day42.beforeClassAfterClass" name="advancesearch" time="0.003"/>
  <system-out/>
</testsuite> <!-- Day42.beforeClassAfterClass -->
