<?xml version="1.0" encoding="UTF-8"?>
<!-- Generated by org.testng.reporters.JUnitReportReporter -->
<testsuite hostname="Sudhakar" failures="0" tests="2" name="Day42.allanotions" time="0.014" errors="0" timestamp="2024-10-12T19:32:13 IST" skipped="0">
  <testcase classname="Day42.allanotions" name="t1" time="0.012"/>
  <system-out/>
  <testcase classname="Day42.allanotions" name="t2" time="0.002"/>
  <system-out/>
</testsuite> <!-- Day42.allanotions -->
