<?xml version="1.0" encoding="UTF-8"?>
<!-- Generated by org.testng.reporters.JUnitReportReporter -->
<testsuite hostname="Sudhakar" failures="0" tests="1" name="Day42.Assertions" time="0.012" errors="0" timestamp="2024-10-12T09:28:31 IST" skipped="0">
  <testcase classname="Day42.Assertions" name="testtitle" time="0.012"/>
  <system-out/>
</testsuite> <!-- Day42.Assertions -->
