<?xml version="1.0" encoding="UTF-8"?>
<!-- Generated by org.testng.reporters.JUnitReportReporter -->
<testsuite hostname="Sudhakar" failures="0" tests="3" name="Day44.gr1" time="0.016" errors="0" timestamp="2024-10-21T07:46:33 IST" skipped="0">
  <testcase classname="Day44.gr1" name="loginfacebook" time="0.012"/>
  <system-out/>
  <testcase classname="Day44.gr1" name="loginamazon" time="0.002"/>
  <system-out/>
  <testcase classname="Day44.gr1" name="loginmesho" time="0.002"/>
  <system-out/>
</testsuite> <!-- Day44.gr1 -->
