<?xml version="1.0" encoding="UTF-8"?>
<!-- Generated by org.testng.reporters.JUnitReportReporter -->
<testsuite hostname="Sudhakar" failures="0" tests="3" name="Testng.day42" time="0.018" errors="0" timestamp="2024-11-16T11:09:59 IST" skipped="0">
  <testcase classname="Testng.day42" name="openapp" time="0.012"/>
  <system-out/>
  <testcase classname="Testng.day42" name="searh" time="0.002"/>
  <system-out/>
  <testcase classname="Testng.day42" name="advsearch" time="0.004"/>
  <system-out/>
</testsuite> <!-- Testng.day42 -->
